<?xml version="1.0" encoding="UTF-8"?>
<robot generator="Robot 3.2.1 (Python 3.8.3 on win32)" generated="20200718 00:58:03.942" rpa="false">
<suite id="s1" name="DemoRobot" source="C:\Users\Ouattgna\eclipse-workspace\DemoRobot">
<suite id="s1-s1" name="LoginTestSuite" source="C:\Users\Ouattgna\eclipse-workspace\DemoRobot\LoginTestSuite.robot">
<test id="s1-s1-t1" name="LoginTest">
<kw name="Open Browser" library="SeleniumLibrary">
<doc>Opens a new browser instance to the optional ``url``.</doc>
<arguments>
<arg>${URL}</arg>
<arg>${Browser}</arg>
</arguments>
<msg timestamp="20200718 00:58:04.258" level="INFO">Opening browser 'gc' to base url 'https://opensource-demo.orangehrmlive.com/index.php/auth/login'.</msg>
<status status="PASS" starttime="20200718 00:58:04.257" endtime="20200718 00:58:08.248"></status>
</kw>
<kw name="Maximize Browser Window" library="SeleniumLibrary">
<doc>Maximizes current browser window.</doc>
<status status="PASS" starttime="20200718 00:58:08.248" endtime="20200718 00:58:10.393"></status>
</kw>
<kw name="Input Text" library="SeleniumLibrary">
<doc>Types the given ``text`` into the text field identified by ``locator``.</doc>
<arguments>
<arg>id=txtUsername</arg>
<arg>&amp;{DataLogin}[username]</arg>
</arguments>
<msg timestamp="20200718 00:58:10.396" level="WARN">Accessing variable items using '&amp;{DataLogin}[username]' syntax is deprecated. Use '${DataLogin}[username]' instead.</msg>
<msg timestamp="20200718 00:58:10.397" level="INFO">Typing text 'Admin' into text field 'id=txtUsername'.</msg>
<status status="PASS" starttime="20200718 00:58:10.394" endtime="20200718 00:58:10.554"></status>
</kw>
<kw name="Input Password" library="SeleniumLibrary">
<doc>Types the given password into the text field identified by ``locator``.</doc>
<arguments>
<arg>id=txtPassword</arg>
<arg>&amp;{DataLogin}[password]</arg>
</arguments>
<msg timestamp="20200718 00:58:10.555" level="WARN">Accessing variable items using '&amp;{DataLogin}[password]' syntax is deprecated. Use '${DataLogin}[password]' instead.</msg>
<msg timestamp="20200718 00:58:10.555" level="INFO">Typing password into text field 'id=txtPassword'.</msg>
<msg timestamp="20200718 00:58:10.610" level="INFO">Temporally setting log level to: NONE</msg>
<msg timestamp="20200718 00:58:10.677" level="INFO">Log level changed from NONE to INFO.</msg>
<status status="PASS" starttime="20200718 00:58:10.554" endtime="20200718 00:58:10.678"></status>
</kw>
<kw name="Click Button" library="SeleniumLibrary">
<doc>Clicks the button identified by ``locator``.</doc>
<arguments>
<arg>id=btnLogin</arg>
</arguments>
<msg timestamp="20200718 00:58:10.678" level="INFO">Clicking button 'id=btnLogin'.</msg>
<status status="PASS" starttime="20200718 00:58:10.678" endtime="20200718 00:58:12.586"></status>
</kw>
<kw name="Click Element" library="SeleniumLibrary">
<doc>Click the element identified by ``locator``.</doc>
<arguments>
<arg>id=welcome</arg>
</arguments>
<msg timestamp="20200718 00:58:12.590" level="INFO">Clicking element 'id=welcome'.</msg>
<status status="PASS" starttime="20200718 00:58:12.588" endtime="20200718 00:58:13.138"></status>
</kw>
<kw name="Set Browser Implicit Wait" library="SeleniumLibrary">
<doc>Sets the implicit wait value used by Selenium.</doc>
<arguments>
<arg>5</arg>
</arguments>
<status status="PASS" starttime="20200718 00:58:13.139" endtime="20200718 00:58:13.143"></status>
</kw>
<kw name="Click Element" library="SeleniumLibrary">
<doc>Click the element identified by ``locator``.</doc>
<arguments>
<arg>link=Logout</arg>
</arguments>
<msg timestamp="20200718 00:58:13.145" level="INFO">Clicking element 'link=Logout'.</msg>
<status status="PASS" starttime="20200718 00:58:13.144" endtime="20200718 00:58:13.756"></status>
</kw>
<kw name="Log" library="BuiltIn">
<doc>Logs the given message with the given level.</doc>
<arguments>
<arg>Ceci est un test execute par %{username} dans %{os}</arg>
</arguments>
<msg timestamp="20200718 00:58:13.759" level="INFO">Ceci est un test execute par Ouattgna dans Windows_NT</msg>
<status status="PASS" starttime="20200718 00:58:13.757" endtime="20200718 00:58:13.761"></status>
</kw>
<kw name="Log" library="BuiltIn">
<doc>Logs the given message with the given level.</doc>
<arguments>
<arg>Fin de test</arg>
</arguments>
<msg timestamp="20200718 00:58:13.763" level="INFO">Fin de test</msg>
<status status="PASS" starttime="20200718 00:58:13.762" endtime="20200718 00:58:13.764"></status>
</kw>
<doc>Ceci un test de login</doc>
<status status="PASS" starttime="20200718 00:58:04.255" endtime="20200718 00:58:13.765" critical="yes"></status>
</test>
<status status="PASS" starttime="20200718 00:58:04.012" endtime="20200718 00:58:13.768"></status>
</suite>
<status status="PASS" starttime="20200718 00:58:03.980" endtime="20200718 00:58:13.773"></status>
</suite>
<statistics>
<total>
<stat pass="1" fail="0">Critical Tests</stat>
<stat pass="1" fail="0">All Tests</stat>
</total>
<tag>
</tag>
<suite>
<stat pass="1" fail="0" id="s1" name="DemoRobot">DemoRobot</stat>
<stat pass="1" fail="0" id="s1-s1" name="LoginTestSuite">DemoRobot.LoginTestSuite</stat>
</suite>
</statistics>
<errors>
<msg timestamp="20200718 00:58:10.396" level="WARN">Accessing variable items using '&amp;{DataLogin}[username]' syntax is deprecated. Use '${DataLogin}[username]' instead.</msg>
<msg timestamp="20200718 00:58:10.555" level="WARN">Accessing variable items using '&amp;{DataLogin}[password]' syntax is deprecated. Use '${DataLogin}[password]' instead.</msg>
</errors>
</robot>
